2024-08-20 15:56:15 INFO - Oracle SQL Developer Data Modeler 23.1.0.087.0806
2024-09-17 11:55:29 INFO - Oracle SQL Developer Data Modeler 23.1.0.087.0806
2024-09-17 12:05:27 SEVERE - Error Closing Design!
java.lang.NullPointerException
	at java.desktop/javax.swing.JComponent.getComponentGraphics(Unknown Source)
	at java.desktop/javax.swing.JComponent.paint(Unknown Source)
	at java.desktop/javax.swing.JComponent.update(Unknown Source)
	at oracle.dbtools.crest.swingui.ApplicationView.removeDesign(ApplicationView.java:2889)
	at oracle.dbtools.crest.swingui.ControllerApplication$CloseDesign.execute(ControllerApplication.java:2726)
	at oracle.dbtools.crest.swingui.ApplicationView.closeAllDesigns(ApplicationView.java:2916)
	at oracle.dbtools.crest.swingui.ApplicationView.exitApplication(ApplicationView.java:2243)
	at oracle.dbtools.crest.fcp.DataModelerAddin.canShutdown(DataModelerAddin.java:2957)
	at oracle.ide.cmd.ExitCommand.canShutdown(ExitCommand.java:252)
	at oracle.ide.cmd.ExitCommand.doit(ExitCommand.java:509)
	at oracle.ide.controller.CommandProcessor.invoke(CommandProcessor.java:377)
	at oracle.ide.IdeCore.quit(IdeCore.java:844)
	at oracle.ide.Ide.quit(Ide.java:651)
	at com.oracle.jdeveloper.nbwindowsystem.Installer.closing(Installer.java:94)
	at org.netbeans.core.startup.NbInstaller.closing(NbInstaller.java:703)
	at org.netbeans.ModuleManager.shutDownAsync(ModuleManager.java:2188)
	at org.netbeans.core.startup.ModuleSystem.shutDownAsync(ModuleSystem.java:349)
	at org.netbeans.core.NbLifeExit.doExit(NbLifeExit.java:137)
	at org.netbeans.core.NbLifeExit.run(NbLifeExit.java:94)
	at org.netbeans.modules.openide.util.NbMutexEventProvider$Event.doEvent(NbMutexEventProvider.java:118)
	at org.netbeans.modules.openide.util.NbMutexEventProvider$Event.readAccess(NbMutexEventProvider.java:93)
	at org.netbeans.modules.openide.util.LazyMutexImplementation.readAccess(LazyMutexImplementation.java:89)
	at org.openide.util.Mutex.readAccess(Mutex.java:260)
	at org.netbeans.core.NbLifecycleManager.exit(NbLifecycleManager.java:213)
	at org.netbeans.core.NbLifecycleManager.exit(NbLifecycleManager.java:119)
	at org.netbeans.core.windows.view.ui.MainWindow$9.windowClosing(MainWindow.java:546)
	at java.desktop/java.awt.AWTEventMulticaster.windowClosing(Unknown Source)
	at java.desktop/java.awt.Window.processWindowEvent(Unknown Source)
	at java.desktop/javax.swing.JFrame.processWindowEvent(Unknown Source)
	at java.desktop/java.awt.Window.processEvent(Unknown Source)
	at java.desktop/java.awt.Component.dispatchEventImpl(Unknown Source)
	at java.desktop/java.awt.Container.dispatchEventImpl(Unknown Source)
	at java.desktop/java.awt.Window.dispatchEventImpl(Unknown Source)
	at java.desktop/java.awt.Component.dispatchEvent(Unknown Source)
	at java.desktop/java.awt.EventQueue.dispatchEventImpl(Unknown Source)
	at java.desktop/java.awt.EventQueue$4.run(Unknown Source)
	at java.desktop/java.awt.EventQueue$4.run(Unknown Source)
	at java.base/java.security.AccessController.doPrivileged(Native Method)
	at java.base/java.security.ProtectionDomain$JavaSecurityAccessImpl.doIntersectionPrivilege(Unknown Source)
	at java.base/java.security.ProtectionDomain$JavaSecurityAccessImpl.doIntersectionPrivilege(Unknown Source)
	at java.desktop/java.awt.EventQueue$5.run(Unknown Source)
	at java.desktop/java.awt.EventQueue$5.run(Unknown Source)
	at java.base/java.security.AccessController.doPrivileged(Native Method)
	at java.base/java.security.ProtectionDomain$JavaSecurityAccessImpl.doIntersectionPrivilege(Unknown Source)
	at java.desktop/java.awt.EventQueue.dispatchEvent(Unknown Source)
	at oracle.javatools.internal.ui.EventQueueWrapper._dispatchEvent(EventQueueWrapper.java:169)
	at oracle.javatools.internal.ui.EventQueueWrapper.dispatchEvent(EventQueueWrapper.java:151)
	at java.desktop/java.awt.EventDispatchThread.pumpOneEventForFilters(Unknown Source)
	at java.desktop/java.awt.EventDispatchThread.pumpEventsForFilter(Unknown Source)
	at java.desktop/java.awt.EventDispatchThread.pumpEventsForHierarchy(Unknown Source)
	at java.desktop/java.awt.EventDispatchThread.pumpEvents(Unknown Source)
	at java.desktop/java.awt.EventDispatchThread.pumpEvents(Unknown Source)
	at java.desktop/java.awt.EventDispatchThread.run(Unknown Source)
2024-09-17 12:05:37 INFO - Oracle SQL Developer Data Modeler 23.1.0.087.0806
2024-09-23 21:45:47 INFO - Oracle SQL Developer Data Modeler 23.1.0.087.0806
2024-09-24 15:50:29 INFO - Oracle SQL Developer Data Modeler 23.1.0.087.0806
2024-10-24 08:05:29 INFO - Oracle SQL Developer Data Modeler 23.1.0.087.0806
